2021-04-20T00:09:44+0000 requested example.com
2021-04-20T00:09:44+0000 example.com is at 2606:2800:220:1:248:1893:25c8:1946
2021-04-20T00:09:46+0000 requested example.com
2021-04-20T00:09:46+0000 example.com expires at 2021-04-20T16:33:19+0000
2021-04-20T00:09:46+0000 example.com is at 2606:2800:220:1:248:1893:25c8:1946
2021-04-20T00:09:49+0000 requested example.com
2021-04-20T00:09:49+0000 example.com expires at 2021-04-20T16:33:19+0000
2021-04-20T00:09:49+0000 example.com is at 2606:2800:220:1:248:1893:25c8:1946
2021-04-20T00:09:56+0000 requested google.com
2021-04-20T00:09:56+0000 google.com is at 2404:6800:4006:813::200e
2021-04-20T00:10:00+0000 requested bing.com
2021-04-20T00:10:00+0000 bing.com is at 2620:1ec:c11::200
2021-04-20T00:10:05+0000 requested bing.co
2021-04-20T00:10:16+0000 requested apple.com
2021-04-20T00:10:28+0000 requested example.com
2021-04-20T00:10:28+0000 example.com expires at 2021-04-20T16:33:19+0000
2021-04-20T00:10:28+0000 example.com is at 2606:2800:220:1:248:1893:25c8:1946
2021-04-20T00:10:58+0000 requested cloudflare.com
2021-04-20T00:10:58+0000 cloudflare.com is at 2606:4700::6810:84e5
2021-04-20T00:11:24+0000 requested 60s.comp30023.0x.quest
2021-04-20T00:11:34+0000 requested 60s.comp30023.0x.quest
2021-04-20T00:12:29+0000 requested cname.comp30023
2021-04-20T00:12:47+0000 requested c5.comp30023
2021-04-20T00:12:58+0000 requested c5.comp30023
